==========================================
SLURM_JOB_ID = 15095983
SLURM_SUBMIT_DIR = /project/lausd/decentralized_choice/code/2_structural_estimation
SLURM_JOB_NODELIST = mcn34
==========================================
Job ID: 15095983
Job User: ryanlee22
Num Cores: 32
Starting estimation at Mon Sep  8 14:14:56 CDT 2025
Optimization specifications =========================================
Number of threads use for torch operation 32
Number of simulation draws: 300
Number of types assumed: 3
Eta outside of exp(): True
X includes currently in magnet indicator: True
Method for drawing normal: sobol
Seed value for normal draws: 12345
Number of blocks for objfn and grad: 1
Last year of applications: 2013
======================================================================
Loading raw data...
84257
53
(84257, 53)
Drawing from normal...
Min u: 1.1920928955078125e-07
Max u: 0.9999998807907104
Min u: 1.1920928955078125e-07
Max u: 0.9999998807907104
Printing the theta draws for round 1-5 for student 1-5
tensor([[ 0.2283, -0.0807, -1.8039,  1.3607,  1.0810],
        [ 1.8388, -1.3337, -0.2216,  0.0915,  0.0081],
        [ 0.4589, -0.5152, -0.8406,  0.9408,  1.2818],
        [ 1.1497, -0.6845, -0.6506,  0.3307,  0.5114],
        [ 0.0365, -0.2840, -1.1945,  2.3192,  0.7842]])
Printing some of the sims_c
tensor([-0.6918,  0.2699,  0.2526, -0.3049,  0.2384, -1.0786,  0.8553, -0.7140,
         0.9672, -0.1479, -0.3092,  0.6269,  0.5244,  0.2538, -0.4179, -0.3082,
         0.0672, -0.0194,  0.5510,  2.1409, -0.6443, -1.0098,  0.1055, -0.5918,
         0.7717,  1.4901, -0.2917, -0.5079, -0.6234,  0.8708, -1.2490, -0.9800,
        -0.5789, -0.8838, -3.5513, -0.5024, -0.9778,  0.5311,  2.7746, -0.4511,
         3.4911, -1.7472, -0.9146,  1.1632, -1.9182,  1.9947,  0.2430, -0.7491,
         0.5771,  0.5596,  0.6479,  1.1130, -1.2514])
Picking starting values for optimization...
Converting numpy arrays to tensors...
starting values:
[ 1.69718836e-02  9.02002208e-03  8.30791507e-04  2.37369002e-04
  6.07664645e-02  1.93455737e-02  1.03255516e-02  4.51001104e-02
  1.35300331e-02  1.11563431e-02  9.02002208e-03  2.84842802e-03
  6.58698981e-02  1.95829427e-02  3.03832323e-02  3.21634998e-02
  8.61649477e-02  5.45948705e-03  1.23431881e-02  1.32926641e-02
  2.93150717e-02  4.93727524e-02  2.06511032e-02  2.45676917e-02
  2.76534887e-02  5.29332874e-02  0.00000000e+00  3.07392858e-02
  3.32316603e-03  3.97593078e-02  1.60224076e-02  2.78908577e-02
  1.12750276e-02  7.00238556e-03  7.00238556e-03  9.13870658e-03
  9.02002208e-03  1.57019595e-01  1.70905681e-02  8.30791507e-03
  2.16005792e-02  5.75619830e-02  7.18041231e-02  2.49237452e-02
  1.18684501e-02  1.30552951e-03  1.06816051e-03  1.54289851e-03
  2.37369002e-03  1.18684501e-04  3.14513928e-02  1.52509584e-01
  7.66701876e-02  0.00000000e+00  0.00000000e+00  0.00000000e+00
  0.00000000e+00  0.00000000e+00  0.00000000e+00  0.00000000e+00
  0.00000000e+00  0.00000000e+00  0.00000000e+00  0.00000000e+00
  0.00000000e+00 -3.00000000e-01  0.00000000e+00  0.00000000e+00
  0.00000000e+00  0.00000000e+00  0.00000000e+00  0.00000000e+00
  0.00000000e+00  0.00000000e+00  0.00000000e+00  0.00000000e+00
  0.00000000e+00  0.00000000e+00  0.00000000e+00  3.00000000e-01
  0.00000000e+00  0.00000000e+00  0.00000000e+00  0.00000000e+00
  0.00000000e+00  0.00000000e+00  0.00000000e+00  0.00000000e+00
  0.00000000e+00  0.00000000e+00  0.00000000e+00  0.00000000e+00
 -5.00000000e-01  0.00000000e+00  0.00000000e+00  0.00000000e+00
  2.00000000e+00  1.00000000e+00 -1.00000000e+00 -5.00000000e-01]
Starting nelder-mead to refine starting values of omega...
Number of NaNs in likelihood: 0
Number of zero values in likelihood: 0
Individual likelihood stats:
Min     : 5.983707e-10
Max     : 5.893739e-01
1% quantile  : 3.395642e-05
25% quantile : 3.102253e-01
50% quantile : 3.558662e-01
75% quantile : 3.931314e-01
99% quantile : 4.793044e-01
=============================================
Objfn Value: 141510.86975666613
Number of NaNs in likelihood: 0
Number of zero values in likelihood: 0
Individual likelihood stats:
Min     : 5.983707e-10
Max     : 5.893738e-01
1% quantile  : 3.395641e-05
25% quantile : 3.102247e-01
50% quantile : 3.558659e-01
75% quantile : 3.931314e-01
99% quantile : 4.793043e-01
=============================================
Objfn Value: 141510.78482316475
Number of NaNs in likelihood: 0
Number of zero values in likelihood: 0
Individual likelihood stats:
Min     : 5.983707e-10
Max     : 5.893739e-01
1% quantile  : 3.395642e-05
25% quantile : 3.102253e-01
50% quantile : 3.558662e-01
75% quantile : 3.931314e-01
99% quantile : 4.793044e-01
=============================================
Objfn Value: 141510.92060435476
Number of NaNs in likelihood: 0
Number of zero values in likelihood: 0
Individual likelihood stats:
Min     : 5.983707e-10
Max     : 5.893739e-01
1% quantile  : 3.395642e-05
25% quantile : 3.102253e-01
50% quantile : 3.558662e-01
75% quantile : 3.931314e-01
99% quantile : 4.793044e-01
=============================================
Objfn Value: 141510.874005795
Number of NaNs in likelihood: 0
Number of zero values in likelihood: 0
Individual likelihood stats:
Min     : 5.983707e-10
Max     : 5.893739e-01
1% quantile  : 3.395642e-05
25% quantile : 3.102253e-01
50% quantile : 3.558662e-01
75% quantile : 3.931314e-01
99% quantile : 4.793044e-01
=============================================
Objfn Value: 141510.87103179473
Number of NaNs in likelihood: 0
Number of zero values in likelihood: 0
Individual likelihood stats:
Min     : 5.983403e-10
Max     : 5.893739e-01
1% quantile  : 3.395862e-05
25% quantile : 3.102253e-01
50% quantile : 3.558651e-01
75% quantile : 3.931314e-01
99% quantile : 4.793044e-01
=============================================
Objfn Value: 141510.552741269
Number of NaNs in likelihood: 0
Number of zero values in likelihood: 0
Individual likelihood stats:
Min     : 5.983707e-10
Max     : 5.893739e-01
1% quantile  : 3.395642e-05
25% quantile : 3.102253e-01
50% quantile : 3.558662e-01
75% quantile : 3.931314e-01
99% quantile : 4.793044e-01
=============================================
Objfn Value: 141510.8525480711
Number of NaNs in likelihood: 0
Number of zero values in likelihood: 0
Individual likelihood stats:
Min     : 5.983702e-10
Max     : 5.893737e-01
1% quantile  : 3.395642e-05
25% quantile : 3.102251e-01
50% quantile : 3.558651e-01
75% quantile : 3.931285e-01
99% quantile : 4.793044e-01
=============================================
Objfn Value: 141511.38138897793
Number of NaNs in likelihood: 0
Number of zero values in likelihood: 0
Individual likelihood stats:
Min     : 5.983688e-10
Max     : 5.893739e-01
1% quantile  : 3.395642e-05
25% quantile : 3.102227e-01
50% quantile : 3.558659e-01
75% quantile : 3.931290e-01
99% quantile : 4.793044e-01
=============================================
Objfn Value: 141510.53372714392
Number of NaNs in likelihood: 0
Number of zero values in likelihood: 0
Individual likelihood stats:
Min     : 5.983706e-10
Max     : 5.893737e-01
1% quantile  : 3.395642e-05
25% quantile : 3.102142e-01
50% quantile : 3.558642e-01
75% quantile : 3.931308e-01
99% quantile : 4.793044e-01
=============================================
Objfn Value: 141511.19679480547
Number of NaNs in likelihood: 0
Number of zero values in likelihood: 0
Individual likelihood stats:
Min     : 5.983705e-10
Max     : 5.893738e-01
1% quantile  : 3.395642e-05
25% quantile : 3.102247e-01
50% quantile : 3.558642e-01
75% quantile : 3.931223e-01
99% quantile : 4.793044e-01
=============================================
Objfn Value: 141511.28344425262
Number of NaNs in likelihood: 0
Number of zero values in likelihood: 0
Individual likelihood stats:
Min     : 5.983036e-10
Max     : 5.893739e-01
1% quantile  : 3.395642e-05
25% quantile : 3.102253e-01
50% quantile : 3.558642e-01
75% quantile : 3.931314e-01
99% quantile : 4.793035e-01
=============================================
Objfn Value: 141511.28232378504
Number of NaNs in likelihood: 0
Number of zero values in likelihood: 0
Individual likelihood stats:
Min     : 5.983707e-10
Max     : 5.893739e-01
1% quantile  : 3.395642e-05
25% quantile : 3.102253e-01
50% quantile : 3.558659e-01
75% quantile : 3.931314e-01
99% quantile : 4.793044e-01
=============================================
Objfn Value: 141510.88376428297
Number of NaNs in likelihood: 0
Number of zero values in likelihood: 0
Individual likelihood stats:
Min     : 5.983707e-10
Max     : 5.893735e-01
1% quantile  : 3.395642e-05
25% quantile : 3.102241e-01
50% quantile : 3.558651e-01
75% quantile : 3.931266e-01
99% quantile : 4.793040e-01
=============================================
Objfn Value: 141509.19281729488
Number of NaNs in likelihood: 0
Number of zero values in likelihood: 0
Individual likelihood stats:
Min     : 5.983634e-10
Max     : 5.893739e-01
1% quantile  : 3.395642e-05
25% quantile : 3.102242e-01
50% quantile : 3.558662e-01
75% quantile : 3.931294e-01
99% quantile : 4.793024e-01
=============================================
Objfn Value: 141511.10315825685
Number of NaNs in likelihood: 0
Number of zero values in likelihood: 0
Individual likelihood stats:
Min     : 5.983707e-10
Max     : 5.893405e-01
1% quantile  : 3.395640e-05
25% quantile : 3.102241e-01
50% quantile : 3.558662e-01
75% quantile : 3.931239e-01
99% quantile : 4.792833e-01
=============================================
Objfn Value: 141510.76694827445
Number of NaNs in likelihood: 0
Number of zero values in likelihood: 0
Individual likelihood stats:
Min     : 5.983704e-10
Max     : 5.893739e-01
1% quantile  : 3.395642e-05
25% quantile : 3.102253e-01
50% quantile : 3.558660e-01
75% quantile : 3.931289e-01
99% quantile : 4.793044e-01
=============================================
Objfn Value: 141511.28518798065
Number of NaNs in likelihood: 0
Number of zero values in likelihood: 0
Individual likelihood stats:
Min     : 5.983707e-10
Max     : 5.893659e-01
1% quantile  : 3.398948e-05
25% quantile : 3.102249e-01
50% quantile : 3.558659e-01
75% quantile : 3.931290e-01
99% quantile : 4.793041e-01
=============================================
Objfn Value: 141508.15276947743
Number of NaNs in likelihood: 0
Number of zero values in likelihood: 0
Individual likelihood stats:
Min     : 5.983707e-10
Max     : 5.893739e-01
1% quantile  : 3.395639e-05
25% quantile : 3.102253e-01
50% quantile : 3.558659e-01
75% quantile : 3.931313e-01
99% quantile : 4.793042e-01
=============================================
Objfn Value: 141511.10015697888
Number of NaNs in likelihood: 0
Number of zero values in likelihood: 0
Individual likelihood stats:
Min     : 5.983707e-10
Max     : 5.893739e-01
1% quantile  : 3.395642e-05
25% quantile : 3.102252e-01
50% quantile : 3.558653e-01
75% quantile : 3.931307e-01
99% quantile : 4.793044e-01
=============================================
Objfn Value: 141510.9203915089
Number of NaNs in likelihood: 0
Number of zero values in likelihood: 0
Individual likelihood stats:
Min     : 5.983649e-10
Max     : 5.893739e-01
1% quantile  : 3.395642e-05
25% quantile : 3.102246e-01
50% quantile : 3.558653e-01
75% quantile : 3.931309e-01
99% quantile : 4.793044e-01
=============================================
Objfn Value: 141510.99692097207
Number of NaNs in likelihood: 0
Number of zero values in likelihood: 0
Individual likelihood stats:
Min     : 5.983707e-10
Max     : 5.893698e-01
1% quantile  : 3.395642e-05
25% quantile : 3.102253e-01
50% quantile : 3.558662e-01
75% quantile : 3.931314e-01
99% quantile : 4.793041e-01
=============================================
Objfn Value: 141510.78022754937
Number of NaNs in likelihood: 0
Number of zero values in likelihood: 0
Individual likelihood stats:
Min     : 5.998526e-10
Max     : 5.893739e-01
1% quantile  : 3.395642e-05
25% quantile : 3.102253e-01
50% quantile : 3.558662e-01
75% quantile : 3.931282e-01
99% quantile : 4.793040e-01
=============================================
Objfn Value: 141510.0714707475
Number of NaNs in likelihood: 0
Number of zero values in likelihood: 0
Individual likelihood stats:
Min     : 5.983703e-10
Max     : 5.893732e-01
1% quantile  : 3.395641e-05
25% quantile : 3.102235e-01
50% quantile : 3.558642e-01
75% quantile : 3.931223e-01
99% quantile : 4.793039e-01
=============================================
Objfn Value: 141511.82349709634
Number of NaNs in likelihood: 0
Number of zero values in likelihood: 0
Individual likelihood stats:
Min     : 5.983707e-10
Max     : 5.893737e-01
1% quantile  : 3.395642e-05
25% quantile : 3.102116e-01
50% quantile : 3.558642e-01
75% quantile : 3.931262e-01
99% quantile : 4.793044e-01
=============================================
Objfn Value: 141510.9153697495
Number of NaNs in likelihood: 0
Number of zero values in likelihood: 0
Individual likelihood stats:
Min     : 5.983007e-10
Max     : 5.893735e-01
1% quantile  : 3.395642e-05
25% quantile : 3.102138e-01
50% quantile : 3.558624e-01
75% quantile : 3.931263e-01
99% quantile : 4.793044e-01
=============================================
Objfn Value: 141511.1217610524
Number of NaNs in likelihood: 0
Number of zero values in likelihood: 0
Individual likelihood stats:
Min     : 5.983706e-10
Max     : 5.893739e-01
1% quantile  : 3.395642e-05
25% quantile : 3.102253e-01
50% quantile : 3.558662e-01
75% quantile : 3.931223e-01
99% quantile : 4.793043e-01
=============================================
Objfn Value: 141509.92640443787
Number of NaNs in likelihood: 0
Number of zero values in likelihood: 0
Individual likelihood stats:
Min     : 5.983707e-10
Max     : 5.893739e-01
1% quantile  : 3.395642e-05
25% quantile : 3.102253e-01
50% quantile : 3.558662e-01
75% quantile : 3.931314e-01
99% quantile : 4.793044e-01
=============================================
Objfn Value: 141510.87578073528
Number of NaNs in likelihood: 0
Number of zero values in likelihood: 0
Individual likelihood stats:
Min     : 5.983707e-10
Max     : 5.893738e-01
1% quantile  : 3.395518e-05
25% quantile : 3.102232e-01
50% quantile : 3.558636e-01
75% quantile : 3.931223e-01
99% quantile : 4.793035e-01
=============================================
Objfn Value: 141511.2608807842
Number of NaNs in likelihood: 0
Number of zero values in likelihood: 0
Individual likelihood stats:
Min     : 5.983707e-10
Max     : 5.893739e-01
1% quantile  : 3.395642e-05
25% quantile : 3.102253e-01
50% quantile : 3.558662e-01
75% quantile : 3.931314e-01
99% quantile : 4.793044e-01
=============================================
Objfn Value: 141510.89168246495
Number of NaNs in likelihood: 0
Number of zero values in likelihood: 0
Individual likelihood stats:
Min     : 5.983707e-10
Max     : 5.893739e-01
1% quantile  : 3.395642e-05
25% quantile : 3.102242e-01
50% quantile : 3.558660e-01
75% quantile : 3.931314e-01
99% quantile : 4.793015e-01
=============================================
Objfn Value: 141510.51000044702
Number of NaNs in likelihood: 0
Number of zero values in likelihood: 0
Individual likelihood stats:
Min     : 5.983707e-10
Max     : 5.893739e-01
1% quantile  : 3.395642e-05
25% quantile : 3.102227e-01
50% quantile : 3.558650e-01
75% quantile : 3.931290e-01
99% quantile : 4.793044e-01
=============================================
Objfn Value: 141511.40806611232
Number of NaNs in likelihood: 0
Number of zero values in likelihood: 0
Individual likelihood stats:
Min     : 5.983707e-10
Max     : 5.893735e-01
1% quantile  : 3.395642e-05
25% quantile : 3.102243e-01
50% quantile : 3.558660e-01
75% quantile : 3.931314e-01
99% quantile : 4.793044e-01
=============================================
Objfn Value: 141510.75374820567
Number of NaNs in likelihood: 0
Number of zero values in likelihood: 0
Individual likelihood stats:
Min     : 5.983677e-10
Max     : 5.893710e-01
1% quantile  : 3.395639e-05
25% quantile : 3.102212e-01
50% quantile : 3.558658e-01
75% quantile : 3.931290e-01
99% quantile : 4.793044e-01
=============================================
Objfn Value: 141511.49449065462
Number of NaNs in likelihood: 0
Number of zero values in likelihood: 0
Individual likelihood stats:
Min     : 5.983707e-10
Max     : 5.893739e-01
1% quantile  : 3.395642e-05
25% quantile : 3.102253e-01
50% quantile : 3.558662e-01
75% quantile : 3.931314e-01
99% quantile : 4.793044e-01
=============================================
Objfn Value: 141510.87714988468
Number of NaNs in likelihood: 0
Number of zero values in likelihood: 0
Individual likelihood stats:
Min     : 5.983707e-10
Max     : 5.893737e-01
1% quantile  : 3.395642e-05
25% quantile : 3.102240e-01
50% quantile : 3.558650e-01
75% quantile : 3.931305e-01
99% quantile : 4.793044e-01
=============================================
Objfn Value: 141511.24263794452
Number of NaNs in likelihood: 0
Number of zero values in likelihood: 0
Individual likelihood stats:
Min     : 5.983707e-10
Max     : 5.893739e-01
1% quantile  : 3.395640e-05
25% quantile : 3.102253e-01
50% quantile : 3.558662e-01
75% quantile : 3.931314e-01
99% quantile : 4.793044e-01
=============================================
Objfn Value: 141511.01687436557
Number of NaNs in likelihood: 0
Number of zero values in likelihood: 0
Individual likelihood stats:
Min     : 5.983707e-10
Max     : 5.893739e-01
1% quantile  : 3.395642e-05
25% quantile : 3.102242e-01
50% quantile : 3.558660e-01
75% quantile : 3.931314e-01
99% quantile : 4.793044e-01
=============================================
Objfn Value: 141510.97216926588
Number of NaNs in likelihood: 0
Number of zero values in likelihood: 0
Individual likelihood stats:
Min     : 5.983707e-10
Max     : 5.893739e-01
1% quantile  : 3.405766e-05
25% quantile : 3.102242e-01
50% quantile : 3.558660e-01
75% quantile : 3.931223e-01
99% quantile : 4.792978e-01
=============================================
Objfn Value: 141500.56299593276
Number of NaNs in likelihood: 0
Number of zero values in likelihood: 0
Individual likelihood stats:
Min     : 5.983707e-10
Max     : 5.893739e-01
1% quantile  : 3.395642e-05
25% quantile : 3.102242e-01
50% quantile : 3.558662e-01
75% quantile : 3.931289e-01
99% quantile : 4.792991e-01
=============================================
Objfn Value: 141511.42138484912
Number of NaNs in likelihood: 0
Number of zero values in likelihood: 0
Individual likelihood stats:
Min     : 5.983707e-10
Max     : 5.893739e-01
1% quantile  : 3.395642e-05
25% quantile : 3.102242e-01
50% quantile : 3.558662e-01
75% quantile : 3.931310e-01
99% quantile : 4.792978e-01
=============================================
Objfn Value: 141511.14036448693
Number of NaNs in likelihood: 0
Number of zero values in likelihood: 0
Individual likelihood stats:
Min     : 5.983707e-10
Max     : 5.893617e-01
1% quantile  : 3.395642e-05
25% quantile : 3.102242e-01
50% quantile : 3.558660e-01
75% quantile : 3.931313e-01
99% quantile : 4.793040e-01
=============================================
Objfn Value: 141510.83809080708
Number of NaNs in likelihood: 0
Number of zero values in likelihood: 0
Individual likelihood stats:
Min     : 5.983707e-10
Max     : 5.893739e-01
1% quantile  : 3.397887e-05
25% quantile : 3.102253e-01
50% quantile : 3.558660e-01
75% quantile : 3.931175e-01
99% quantile : 4.793043e-01
=============================================
Objfn Value: 141509.56620272007
Number of NaNs in likelihood: 0
Number of zero values in likelihood: 0
Individual likelihood stats:
Min     : 5.983707e-10
Max     : 5.893739e-01
1% quantile  : 3.395642e-05
25% quantile : 3.102242e-01
50% quantile : 3.558662e-01
75% quantile : 3.931314e-01
99% quantile : 4.793044e-01
=============================================
Objfn Value: 141509.50776317244
Number of NaNs in likelihood: 0
Number of zero values in likelihood: 0
Individual likelihood stats:
Min     : 5.983707e-10
Max     : 5.893739e-01
1% quantile  : 3.395642e-05
25% quantile : 3.102253e-01
50% quantile : 3.558653e-01
75% quantile : 3.931285e-01
99% quantile : 4.792978e-01
=============================================
Objfn Value: 141511.98235028924
Number of NaNs in likelihood: 0
Number of zero values in likelihood: 0
Individual likelihood stats:
Min     : 5.983707e-10
Max     : 5.893738e-01
1% quantile  : 3.395640e-05
25% quantile : 3.102215e-01
50% quantile : 3.558640e-01
75% quantile : 3.931298e-01
99% quantile : 4.793044e-01
=============================================
Objfn Value: 141511.20700077125
Number of NaNs in likelihood: 0
Number of zero values in likelihood: 0
Individual likelihood stats:
Min     : 5.983707e-10
Max     : 5.893739e-01
1% quantile  : 3.395642e-05
25% quantile : 3.102253e-01
50% quantile : 3.558662e-01
75% quantile : 3.931314e-01
99% quantile : 4.793044e-01
=============================================
Objfn Value: 141510.87121198163
Number of NaNs in likelihood: 0
Number of zero values in likelihood: 0
Individual likelihood stats:
Min     : 5.983707e-10
Max     : 5.893739e-01
1% quantile  : 3.395642e-05
25% quantile : 3.102253e-01
50% quantile : 3.558662e-01
75% quantile : 3.931314e-01
99% quantile : 4.793044e-01
=============================================
Objfn Value: 141510.8711992394
Number of NaNs in likelihood: 0
Number of zero values in likelihood: 0
Individual likelihood stats:
Min     : 5.983707e-10
Max     : 5.893739e-01
1% quantile  : 3.395642e-05
25% quantile : 3.102253e-01
50% quantile : 3.558662e-01
75% quantile : 3.931314e-01
99% quantile : 4.793044e-01
=============================================
Objfn Value: 141510.86903751423
Number of NaNs in likelihood: 0
Number of zero values in likelihood: 0
Individual likelihood stats:
Min     : 5.983707e-10
Max     : 5.893738e-01
1% quantile  : 3.395642e-05
25% quantile : 3.102253e-01
50% quantile : 3.558662e-01
75% quantile : 3.931314e-01
99% quantile : 4.793044e-01
=============================================
Objfn Value: 141510.87319051786
Number of NaNs in likelihood: 0
Number of zero values in likelihood: 0
Individual likelihood stats:
Min     : 5.983707e-10
Max     : 5.893739e-01
1% quantile  : 3.395642e-05
25% quantile : 3.102253e-01
50% quantile : 3.558662e-01
75% quantile : 3.931314e-01
99% quantile : 4.793044e-01
=============================================
Objfn Value: 141510.86978800807
Number of NaNs in likelihood: 0
Number of zero values in likelihood: 0
Individual likelihood stats:
Min     : 5.983707e-10
Max     : 5.893738e-01
1% quantile  : 3.395642e-05
25% quantile : 3.102241e-01
50% quantile : 3.558659e-01
75% quantile : 3.931286e-01
99% quantile : 4.793044e-01
=============================================
Objfn Value: 141510.54988129638
Number of NaNs in likelihood: 0
Number of zero values in likelihood: 0
Individual likelihood stats:
Min     : 5.983707e-10
Max     : 5.893739e-01
1% quantile  : 3.400737e-05
25% quantile : 3.102239e-01
50% quantile : 3.558662e-01
75% quantile : 3.931300e-01
99% quantile : 4.793042e-01
=============================================
Objfn Value: 141504.18086512494
Number of NaNs in likelihood: 0
Number of zero values in likelihood: 0
Individual likelihood stats:
Min     : 5.983707e-10
Max     : 5.893739e-01
1% quantile  : 3.397552e-05
25% quantile : 3.102253e-01
50% quantile : 3.558662e-01
75% quantile : 3.931312e-01
99% quantile : 4.793043e-01
=============================================
Objfn Value: 141510.5942081275
Number of NaNs in likelihood: 0
Number of zero values in likelihood: 0
Individual likelihood stats:
Min     : 5.983255e-10
Max     : 5.893803e-01
1% quantile  : 3.395585e-05
25% quantile : 3.102239e-01
50% quantile : 3.558600e-01
75% quantile : 3.931269e-01
99% quantile : 4.793128e-01
=============================================
Objfn Value: 141510.8400990239
Number of NaNs in likelihood: 0
Number of zero values in likelihood: 0
Individual likelihood stats:
Min     : 5.983624e-10
Max     : 5.893751e-01
1% quantile  : 3.395631e-05
25% quantile : 3.102269e-01
50% quantile : 3.558682e-01
75% quantile : 3.931307e-01
99% quantile : 4.793060e-01
=============================================
Objfn Value: 141510.83379948584
Number of NaNs in likelihood: 0
Number of zero values in likelihood: 0
Individual likelihood stats:
Min     : 5.983923e-10
Max     : 5.893838e-01
1% quantile  : 3.395548e-05
25% quantile : 3.102219e-01
50% quantile : 3.558621e-01
75% quantile : 3.931289e-01
99% quantile : 4.793005e-01
=============================================
Objfn Value: 141511.46315156695
Number of NaNs in likelihood: 0
Number of zero values in likelihood: 0
Individual likelihood stats:
Min     : 5.983636e-10
Max     : 5.893749e-01
1% quantile  : 3.395754e-05
25% quantile : 3.102265e-01
50% quantile : 3.558678e-01
75% quantile : 3.931327e-01
99% quantile : 4.793057e-01
=============================================
Objfn Value: 141510.60633128515
Number of NaNs in likelihood: 0
Number of zero values in likelihood: 0
Individual likelihood stats:
Min     : 5.983072e-10
Max     : 5.893700e-01
1% quantile  : 3.395556e-05
25% quantile : 3.102250e-01
50% quantile : 3.558606e-01
75% quantile : 3.931293e-01
99% quantile : 4.793022e-01
=============================================
Objfn Value: 141511.2354816901
Number of NaNs in likelihood: 0
Number of zero values in likelihood: 0
Individual likelihood stats:
Min     : 5.983421e-10
Max     : 5.893780e-01
1% quantile  : 3.395599e-05
25% quantile : 3.102298e-01
50% quantile : 3.558656e-01
75% quantile : 3.931268e-01
99% quantile : 4.793098e-01
=============================================
Objfn Value: 141511.4113606603
Number of NaNs in likelihood: 0
Number of zero values in likelihood: 0
Individual likelihood stats:
Min     : 5.983448e-10
Max     : 5.893646e-01
1% quantile  : 3.395730e-05
25% quantile : 3.102326e-01
50% quantile : 3.558709e-01
75% quantile : 3.931270e-01
99% quantile : 4.793063e-01
=============================================
Objfn Value: 141510.45403273142
Number of NaNs in likelihood: 0
Number of zero values in likelihood: 0
Individual likelihood stats:
Min     : 5.983343e-10
Max     : 5.893878e-01
1% quantile  : 3.395741e-05
25% quantile : 3.102277e-01
50% quantile : 3.558641e-01
75% quantile : 3.931301e-01
99% quantile : 4.792923e-01
=============================================
Objfn Value: 141508.96402157337
Number of NaNs in likelihood: 0
Number of zero values in likelihood: 0
Individual likelihood stats:
Min     : 5.982697e-10
Max     : 5.893808e-01
1% quantile  : 3.395951e-05
25% quantile : 3.102402e-01
50% quantile : 3.558697e-01
75% quantile : 3.931278e-01
99% quantile : 4.792994e-01
=============================================
Objfn Value: 141509.07361570426
Number of NaNs in likelihood: 0
Number of zero values in likelihood: 0
Individual likelihood stats:
Min     : 5.983269e-10
Max     : 5.893358e-01
1% quantile  : 3.396460e-05
25% quantile : 3.102474e-01
50% quantile : 3.558812e-01
75% quantile : 3.931336e-01
99% quantile : 4.792838e-01
=============================================
Objfn Value: 141507.31852887216
Number of NaNs in likelihood: 0
Number of zero values in likelihood: 0
Individual likelihood stats:
Min     : 5.983629e-10
Max     : 5.893750e-01
1% quantile  : 3.395632e-05
25% quantile : 3.102267e-01
50% quantile : 3.558680e-01
75% quantile : 3.931295e-01
99% quantile : 4.793059e-01
=============================================
Objfn Value: 141510.03843600553
Number of NaNs in likelihood: 0
Number of zero values in likelihood: 0
Individual likelihood stats:
Min     : 5.983386e-10
Max     : 5.893690e-01
1% quantile  : 3.395698e-05
25% quantile : 3.102293e-01
50% quantile : 3.558653e-01
75% quantile : 3.931310e-01
99% quantile : 4.793064e-01
=============================================
Objfn Value: 141509.84751244454
Number of NaNs in likelihood: 0
Number of zero values in likelihood: 0
Individual likelihood stats:
Min     : 4.296585e-10
Max     : 5.931432e-01
1% quantile  : 3.160153e-05
25% quantile : 3.134007e-01
50% quantile : 3.590857e-01
75% quantile : 3.961635e-01
99% quantile : 4.816165e-01
=============================================
Objfn Value: 141230.15317322762
Number of NaNs in likelihood: 0
Number of zero values in likelihood: 0
Individual likelihood stats:
Min     : 5.967366e-10
Max     : 5.894073e-01
1% quantile  : 3.395657e-05
25% quantile : 3.102229e-01
50% quantile : 3.558530e-01
75% quantile : 3.931219e-01
99% quantile : 4.793145e-01
=============================================
Objfn Value: 141510.82897922862
Number of NaNs in likelihood: 0
Number of zero values in likelihood: 0
Individual likelihood stats:
Min     : 5.980673e-10
Max     : 5.893801e-01
1% quantile  : 3.395644e-05
25% quantile : 3.102289e-01
50% quantile : 3.558706e-01
75% quantile : 3.931262e-01
99% quantile : 4.793052e-01
=============================================
Objfn Value: 141510.24653349989
Number of NaNs in likelihood: 0
Number of zero values in likelihood: 0
Individual likelihood stats:
Min     : 5.991536e-10
Max     : 5.894252e-01
1% quantile  : 3.395739e-05
25% quantile : 3.102177e-01
50% quantile : 3.558574e-01
75% quantile : 3.931259e-01
99% quantile : 4.793012e-01
=============================================
Objfn Value: 141512.70414916181
Number of NaNs in likelihood: 0
Number of zero values in likelihood: 0
Individual likelihood stats:
Min     : 5.981130e-10
Max     : 5.893792e-01
1% quantile  : 3.395717e-05
25% quantile : 3.102296e-01
50% quantile : 3.558727e-01
75% quantile : 3.931356e-01
99% quantile : 4.793074e-01
=============================================
Objfn Value: 141510.24857634856
Number of NaNs in likelihood: 0
Number of zero values in likelihood: 0
Individual likelihood stats:
Min     : 5.960794e-10
Max     : 5.893534e-01
1% quantile  : 3.395559e-05
25% quantile : 3.102187e-01
50% quantile : 3.558589e-01
75% quantile : 3.931287e-01
99% quantile : 4.793085e-01
=============================================
Objfn Value: 141511.9068753249
Number of NaNs in likelihood: 0
Number of zero values in likelihood: 0
Individual likelihood stats:
Min     : 5.973249e-10
Max     : 5.893953e-01
1% quantile  : 3.395548e-05
25% quantile : 3.102240e-01
50% quantile : 3.558565e-01
75% quantile : 3.931244e-01
99% quantile : 4.793166e-01
=============================================
Objfn Value: 141512.53014529758
Number of NaNs in likelihood: 0
Number of zero values in likelihood: 0
Individual likelihood stats:
Min     : 5.974310e-10
Max     : 5.893257e-01
1% quantile  : 3.395723e-05
25% quantile : 3.102401e-01
50% quantile : 3.558727e-01
75% quantile : 3.931348e-01
99% quantile : 4.793007e-01
=============================================
Objfn Value: 141509.3634547835
Number of NaNs in likelihood: 0
Number of zero values in likelihood: 0
Individual likelihood stats:
Min     : 5.970583e-10
Max     : 5.894457e-01
1% quantile  : 3.395711e-05
25% quantile : 3.102217e-01
50% quantile : 3.558627e-01
75% quantile : 3.931314e-01
99% quantile : 4.792774e-01
=============================================
Objfn Value: 141505.35779040674
Number of NaNs in likelihood: 0
Number of zero values in likelihood: 0
Individual likelihood stats:
Min     : 5.947197e-10
Max     : 5.894095e-01
1% quantile  : 3.397788e-05
25% quantile : 3.102410e-01
50% quantile : 3.558694e-01
75% quantile : 3.931263e-01
99% quantile : 4.792909e-01
=============================================
Objfn Value: 141505.81250646012
Number of NaNs in likelihood: 0
Number of zero values in likelihood: 0
Individual likelihood stats:
Min     : 5.967850e-10
Max     : 5.891754e-01
1% quantile  : 3.396241e-05
25% quantile : 3.102706e-01
50% quantile : 3.558947e-01
75% quantile : 3.931323e-01
99% quantile : 4.792783e-01
=============================================
Objfn Value: 141505.7996962585
Number of NaNs in likelihood: 0
Number of zero values in likelihood: 0
Individual likelihood stats:
Min     : 5.980894e-10
Max     : 5.893796e-01
1% quantile  : 3.395644e-05
25% quantile : 3.102300e-01
50% quantile : 3.558732e-01
75% quantile : 3.931308e-01
99% quantile : 4.793077e-01
=============================================
Objfn Value: 141507.1122649796
Number of NaNs in likelihood: 0
Number of zero values in likelihood: 0
Individual likelihood stats:
Min     : 5.972070e-10
Max     : 5.893482e-01
1% quantile  : 3.395729e-05
25% quantile : 3.102249e-01
50% quantile : 3.558705e-01
75% quantile : 3.931300e-01
99% quantile : 4.793073e-01
=============================================
Objfn Value: 141507.67978602028
Number of NaNs in likelihood: 0
Number of zero values in likelihood: 0
Individual likelihood stats:
Min     : 6.821272e-10
Max     : 5.888446e-01
1% quantile  : 3.424063e-05
25% quantile : 3.099364e-01
50% quantile : 3.555498e-01
75% quantile : 3.928218e-01
99% quantile : 4.790280e-01
=============================================
Objfn Value: 141529.96592799
Number of NaNs in likelihood: 0
Number of zero values in likelihood: 0
Individual likelihood stats:
Min     : 5.700894e-10
Max     : 6.228845e-01
1% quantile  : 2.872176e-05
25% quantile : 3.350283e-01
50% quantile : 3.813843e-01
75% quantile : 4.194239e-01
99% quantile : 5.066552e-01
=============================================
Objfn Value: 137571.86374900647
Number of NaNs in likelihood: 0
Number of zero values in likelihood: 0
Individual likelihood stats:
Min     : 5.985966e-10
Max     : 5.890876e-01
1% quantile  : 3.397368e-05
25% quantile : 3.102565e-01
50% quantile : 3.558839e-01
75% quantile : 3.930756e-01
99% quantile : 4.792554e-01
=============================================
Objfn Value: 141511.10694766341
Number of NaNs in likelihood: 0
Number of zero values in likelihood: 0
Individual likelihood stats:
Min     : 5.984127e-10
Max     : 5.893207e-01
1% quantile  : 3.394197e-05
25% quantile : 3.102162e-01
50% quantile : 3.558577e-01
75% quantile : 3.931116e-01
99% quantile : 4.792912e-01
=============================================
Objfn Value: 141512.79403044778
Number of NaNs in likelihood: 0
Number of zero values in likelihood: 0
Individual likelihood stats:
Min     : 5.982628e-10
Max     : 5.889333e-01
1% quantile  : 3.399561e-05
25% quantile : 3.102629e-01
50% quantile : 3.558789e-01
75% quantile : 3.931468e-01
99% quantile : 4.793384e-01
=============================================
Objfn Value: 141503.16138337593
Number of NaNs in likelihood: 0
Number of zero values in likelihood: 0
Individual likelihood stats:
Min     : 5.984064e-10
Max     : 5.893286e-01
1% quantile  : 3.394150e-05
25% quantile : 3.102097e-01
50% quantile : 3.558515e-01
75% quantile : 3.931223e-01
99% quantile : 4.792904e-01
=============================================
Objfn Value: 141513.68021683925
Number of NaNs in likelihood: 0
Number of zero values in likelihood: 0
Individual likelihood stats:
Min     : 5.986874e-10
Max     : 5.895494e-01
1% quantile  : 3.396627e-05
25% quantile : 3.102539e-01
50% quantile : 3.558777e-01
75% quantile : 3.931251e-01
99% quantile : 4.792564e-01
=============================================
Objfn Value: 141506.8772545544
Number of NaNs in likelihood: 0
Number of zero values in likelihood: 0
Individual likelihood stats:
Min     : 5.985153e-10
Max     : 5.891906e-01
1% quantile  : 3.396260e-05
25% quantile : 3.102766e-01
50% quantile : 3.558923e-01
75% quantile : 3.931262e-01
99% quantile : 4.792717e-01
=============================================
Objfn Value: 141504.5907776738
Number of NaNs in likelihood: 0
Number of zero values in likelihood: 0
Individual likelihood stats:
Min     : 5.985005e-10
Max     : 5.897864e-01
1% quantile  : 3.394858e-05
25% quantile : 3.101798e-01
50% quantile : 3.558427e-01
75% quantile : 3.931076e-01
99% quantile : 4.794321e-01
=============================================
Objfn Value: 141516.09304040583
Number of NaNs in likelihood: 0
Number of zero values in likelihood: 0
Individual likelihood stats:
Min     : 5.985522e-10
Max     : 5.887577e-01
1% quantile  : 3.394357e-05
25% quantile : 3.101549e-01
50% quantile : 3.557709e-01
75% quantile : 3.930904e-01
99% quantile : 4.793564e-01
=============================================
Objfn Value: 141532.41789100214
Number of NaNs in likelihood: 0
Number of zero values in likelihood: 0
Individual likelihood stats:
Min     : 5.988757e-10
Max     : 5.890684e-01
1% quantile  : 3.386645e-05
25% quantile : 3.101620e-01
50% quantile : 3.558151e-01
75% quantile : 3.931103e-01
99% quantile : 4.792520e-01
=============================================
Objfn Value: 141530.83220125377
Number of NaNs in likelihood: 0
Number of zero values in likelihood: 0
Individual likelihood stats:
Min     : 5.985898e-10
Max     : 5.910650e-01
1% quantile  : 3.382469e-05
25% quantile : 3.098662e-01
50% quantile : 3.556764e-01
75% quantile : 3.932198e-01
99% quantile : 4.798073e-01
=============================================
Objfn Value: 141540.62132398522
Number of NaNs in likelihood: 0
Number of zero values in likelihood: 0
Individual likelihood stats:
Min     : 5.984097e-10
Max     : 5.893246e-01
1% quantile  : 3.395939e-05
25% quantile : 3.101962e-01
50% quantile : 3.558441e-01
75% quantile : 3.931139e-01
99% quantile : 4.793025e-01
=============================================
Objfn Value: 141519.61431206285
Number of NaNs in likelihood: 0
Number of zero values in likelihood: 0
Individual likelihood stats:
Min     : 5.985316e-10
Max     : 5.895943e-01
1% quantile  : 3.395750e-05
25% quantile : 3.101941e-01
50% quantile : 3.558050e-01
75% quantile : 3.931035e-01
99% quantile : 4.793798e-01
=============================================
Objfn Value: 141521.02896916633
Number of NaNs in likelihood: 0
Number of zero values in likelihood: 0
Individual likelihood stats:
Min     : 6.861133e-10
Max     : 6.398175e-01
1% quantile  : 2.808947e-05
25% quantile : 3.487317e-01
50% quantile : 3.956818e-01
75% quantile : 4.342872e-01
99% quantile : 5.224634e-01
=============================================
Objfn Value: 135227.0881124126
Number of NaNs in likelihood: 0
Number of zero values in likelihood: 0
Individual likelihood stats:
Min     : 5.982955e-10
Max     : 5.893644e-01
1% quantile  : 3.395595e-05
25% quantile : 3.102129e-01
50% quantile : 3.558556e-01
75% quantile : 3.931216e-01
99% quantile : 4.792956e-01
=============================================
Objfn Value: 141512.50220406137
Number of NaNs in likelihood: 0
Number of zero values in likelihood: 0
Individual likelihood stats:
Min     : 5.983348e-10
Max     : 5.893662e-01
1% quantile  : 3.395612e-05
25% quantile : 3.102231e-01
50% quantile : 3.558636e-01
75% quantile : 3.931271e-01
99% quantile : 4.793002e-01
=============================================
Objfn Value: 141511.17332497836
Number of NaNs in likelihood: 0
Number of zero values in likelihood: 0
Individual likelihood stats:
Min     : 5.983707e-10
Max     : 5.893739e-01
1% quantile  : 3.395642e-05
25% quantile : 3.102253e-01
50% quantile : 3.558662e-01
75% quantile : 3.931314e-01
99% quantile : 4.793044e-01
=============================================
Objfn Value: 141510.83904198566
Number of NaNs in likelihood: 0
Number of zero values in likelihood: 0
Individual likelihood stats:
Min     : 5.985124e-10
Max     : 5.940082e-01
1% quantile  : 3.394217e-05
25% quantile : 3.130745e-01
50% quantile : 3.589524e-01
75% quantile : 3.963452e-01
99% quantile : 4.828555e-01
=============================================
Objfn Value: 141123.24109448068
Number of NaNs in likelihood: 0
Number of zero values in likelihood: 0
Individual likelihood stats:
Min     : 6.010256e-10
Max     : 5.896734e-01
1% quantile  : 3.402970e-05
25% quantile : 3.101844e-01
50% quantile : 3.559031e-01
75% quantile : 3.932528e-01
99% quantile : 4.796708e-01
=============================================
Objfn Value: 141471.86884669258
Number of NaNs in likelihood: 0
Number of zero values in likelihood: 0
Individual likelihood stats:
Min     : 5.862760e-10
Max     : 5.907965e-01
1% quantile  : 3.405661e-05
25% quantile : 3.129539e-01
50% quantile : 3.581574e-01
75% quantile : 3.950896e-01
99% quantile : 4.804992e-01
=============================================
Objfn Value: 141290.31906042938
Number of NaNs in likelihood: 0
Number of zero values in likelihood: 0
Individual likelihood stats:
Min     : 5.954361e-10
Max     : 5.899603e-01
1% quantile  : 3.365137e-05
25% quantile : 3.108724e-01
50% quantile : 3.564685e-01
75% quantile : 3.937017e-01
99% quantile : 4.796726e-01
=============================================
Objfn Value: 141490.46845457444
Number of NaNs in likelihood: 0
Number of zero values in likelihood: 0
Individual likelihood stats:
Min     : 5.964508e-10
Max     : 5.896343e-01
1% quantile  : 3.376730e-05
25% quantile : 3.120365e-01
50% quantile : 3.575028e-01
75% quantile : 3.945262e-01
99% quantile : 4.803976e-01
=============================================
Objfn Value: 141246.39672566636
Number of NaNs in likelihood: 0
Number of zero values in likelihood: 0
Individual likelihood stats:
Min     : 5.964449e-10
Max     : 5.919557e-01
1% quantile  : 3.380007e-05
25% quantile : 3.117748e-01
50% quantile : 3.574547e-01
75% quantile : 3.946983e-01
99% quantile : 4.809390e-01
=============================================
Objfn Value: 141248.24872654377
Number of NaNs in likelihood: 0
Number of zero values in likelihood: 0
Individual likelihood stats:
Min     : 5.960705e-10
Max     : 5.917042e-01
1% quantile  : 3.382895e-05
25% quantile : 3.118059e-01
50% quantile : 3.574902e-01
75% quantile : 3.947301e-01
99% quantile : 4.809465e-01
=============================================
Objfn Value: 141244.18572374323
Number of NaNs in likelihood: 0
Number of zero values in likelihood: 0
Individual likelihood stats:
Min     : 5.219054e-10
Max     : 5.919514e-01
1% quantile  : 3.323465e-05
25% quantile : 3.120581e-01
50% quantile : 3.577578e-01
75% quantile : 3.950207e-01
99% quantile : 4.812982e-01
=============================================
Objfn Value: 141241.43882669305
Number of NaNs in likelihood: 0
Number of zero values in likelihood: 0
Individual likelihood stats:
Min     : 5.931835e-10
Max     : 5.912844e-01
1% quantile  : 3.373920e-05
25% quantile : 3.118619e-01
50% quantile : 3.575538e-01
75% quantile : 3.947983e-01
99% quantile : 4.809472e-01
=============================================
Objfn Value: 141242.6373562489
Number of NaNs in likelihood: 0
Number of zero values in likelihood: 0
Individual likelihood stats:
Min     : 5.932021e-10
Max     : 5.915922e-01
1% quantile  : 3.371937e-05
25% quantile : 3.118616e-01
50% quantile : 3.575688e-01
75% quantile : 3.948460e-01
99% quantile : 4.810719e-01
=============================================
Objfn Value: 141238.52309963093
Number of NaNs in likelihood: 0
Number of zero values in likelihood: 0
Individual likelihood stats:
Min     : 5.930040e-10
Max     : 5.911678e-01
1% quantile  : 3.366617e-05
25% quantile : 3.119454e-01
50% quantile : 3.576055e-01
75% quantile : 3.948704e-01
99% quantile : 4.809890e-01
=============================================
Objfn Value: 141236.51174350674
Number of NaNs in likelihood: 0
Number of zero values in likelihood: 0
Individual likelihood stats:
Min     : 5.929913e-10
Max     : 5.916610e-01
1% quantile  : 3.367191e-05
25% quantile : 3.119416e-01
50% quantile : 3.576189e-01
75% quantile : 3.948898e-01
99% quantile : 4.810487e-01
=============================================
Objfn Value: 141233.39579072926
Number of NaNs in likelihood: 0
Number of zero values in likelihood: 0
Individual likelihood stats:
Min     : 5.928760e-10
Max     : 5.917158e-01
1% quantile  : 3.367577e-05
25% quantile : 3.119652e-01
50% quantile : 3.576574e-01
75% quantile : 3.949379e-01
99% quantile : 4.811988e-01
=============================================
Objfn Value: 141228.701352564
Number of NaNs in likelihood: 0
Number of zero values in likelihood: 0
Individual likelihood stats:
Min     : 5.920178e-10
Max     : 5.916574e-01
1% quantile  : 3.368049e-05
25% quantile : 3.119916e-01
50% quantile : 3.576954e-01
75% quantile : 3.949538e-01
99% quantile : 4.812204e-01
=============================================
Objfn Value: 141223.10961104854
Number of NaNs in likelihood: 0
Number of zero values in likelihood: 0
Individual likelihood stats:
Min     : 5.937256e-10
Max     : 5.917323e-01
1% quantile  : 3.366752e-05
25% quantile : 3.120351e-01
50% quantile : 3.577285e-01
75% quantile : 3.949972e-01
99% quantile : 4.812671e-01
=============================================
Objfn Value: 141217.53186844094
Number of NaNs in likelihood: 0
Number of zero values in likelihood: 0
Individual likelihood stats:
Min     : 5.926702e-10
Max     : 5.918102e-01
1% quantile  : 3.367381e-05
25% quantile : 3.120715e-01
50% quantile : 3.577758e-01
75% quantile : 3.950388e-01
99% quantile : 4.813224e-01
=============================================
Objfn Value: 141211.67614918418
Number of NaNs in likelihood: 0
Number of zero values in likelihood: 0
Individual likelihood stats:
Min     : 5.924817e-10
Max     : 5.918496e-01
1% quantile  : 3.366287e-05
25% quantile : 3.121026e-01
50% quantile : 3.578071e-01
75% quantile : 3.950791e-01
99% quantile : 4.813561e-01
=============================================
Objfn Value: 141206.19571825865
Number of NaNs in likelihood: 0
Number of zero values in likelihood: 0
Individual likelihood stats:
Min     : 5.946894e-10
Max     : 5.919197e-01
1% quantile  : 3.368423e-05
25% quantile : 3.121440e-01
50% quantile : 3.578452e-01
75% quantile : 3.951090e-01
99% quantile : 4.813816e-01
=============================================
Objfn Value: 141200.17940158694
Number of NaNs in likelihood: 0
Number of zero values in likelihood: 0
Individual likelihood stats:
Min     : 5.923366e-10
Max     : 5.919507e-01
1% quantile  : 3.366283e-05
25% quantile : 3.121884e-01
50% quantile : 3.578803e-01
75% quantile : 3.951545e-01
99% quantile : 4.814383e-01
=============================================
Objfn Value: 141194.05840554758
Number of NaNs in likelihood: 0
Number of zero values in likelihood: 0
Individual likelihood stats:
Min     : 5.922191e-10
Max     : 5.920046e-01
1% quantile  : 3.366236e-05
25% quantile : 3.122203e-01
50% quantile : 3.579201e-01
75% quantile : 3.951942e-01
99% quantile : 4.814745e-01
=============================================
Objfn Value: 141188.020800872
Number of NaNs in likelihood: 0
Number of zero values in likelihood: 0
Individual likelihood stats:
Min     : 5.920715e-10
Max     : 5.920439e-01
1% quantile  : 3.364748e-05
25% quantile : 3.122590e-01
50% quantile : 3.579620e-01
75% quantile : 3.952364e-01
99% quantile : 4.815029e-01
=============================================
Objfn Value: 141181.6317831934
Number of NaNs in likelihood: 0
Number of zero values in likelihood: 0
Individual likelihood stats:
Min     : 5.919689e-10
Max     : 5.921071e-01
1% quantile  : 3.366126e-05
25% quantile : 3.122924e-01
50% quantile : 3.579980e-01
75% quantile : 3.952852e-01
99% quantile : 4.815484e-01
=============================================
Objfn Value: 141175.1064548089
Number of NaNs in likelihood: 0
Number of zero values in likelihood: 0
Individual likelihood stats:
Min     : 5.918696e-10
Max     : 5.921574e-01
1% quantile  : 3.365444e-05
25% quantile : 3.123346e-01
50% quantile : 3.580438e-01
75% quantile : 3.953188e-01
99% quantile : 4.815896e-01
=============================================
Objfn Value: 141168.40628477838
Number of NaNs in likelihood: 0
Number of zero values in likelihood: 0
Individual likelihood stats:
Min     : 5.917111e-10
Max     : 5.922173e-01
1% quantile  : 3.366062e-05
25% quantile : 3.123740e-01
50% quantile : 3.580883e-01
75% quantile : 3.953683e-01
99% quantile : 4.816376e-01
=============================================
Objfn Value: 141161.5670513217
Number of NaNs in likelihood: 0
Number of zero values in likelihood: 0
Individual likelihood stats:
Min     : 5.915784e-10
Max     : 5.922741e-01
1% quantile  : 3.365929e-05
25% quantile : 3.124222e-01
50% quantile : 3.581308e-01
75% quantile : 3.954112e-01
99% quantile : 4.816828e-01
=============================================
Objfn Value: 141154.61378028218
Number of NaNs in likelihood: 0
Number of zero values in likelihood: 0
Individual likelihood stats:
Min     : 5.914437e-10
Max     : 5.923319e-01
1% quantile  : 3.365880e-05
25% quantile : 3.124707e-01
50% quantile : 3.581734e-01
75% quantile : 3.954585e-01
99% quantile : 4.817278e-01
=============================================
Objfn Value: 141147.61571232168
Number of NaNs in likelihood: 0
Number of zero values in likelihood: 0
Individual likelihood stats:
Min     : 5.913053e-10
Max     : 5.923908e-01
1% quantile  : 3.365831e-05
25% quantile : 3.125216e-01
50% quantile : 3.582224e-01
75% quantile : 3.955030e-01
99% quantile : 4.817742e-01
=============================================
Objfn Value: 141140.36924897734
Number of NaNs in likelihood: 0
Number of zero values in likelihood: 0
Individual likelihood stats:
Min     : 5.912308e-10
Max     : 5.924511e-01
1% quantile  : 3.365654e-05
25% quantile : 3.125747e-01
50% quantile : 3.582699e-01
75% quantile : 3.955528e-01
99% quantile : 4.818221e-01
=============================================
Objfn Value: 141132.9798539297
Number of NaNs in likelihood: 0
Number of zero values in likelihood: 0
Individual likelihood stats:
Min     : 5.910230e-10
Max     : 5.925125e-01
1% quantile  : 3.365033e-05
25% quantile : 3.126161e-01
50% quantile : 3.583150e-01
75% quantile : 3.956029e-01
99% quantile : 4.818693e-01
=============================================
Objfn Value: 141125.48039423354
Number of NaNs in likelihood: 0
Number of zero values in likelihood: 0
Individual likelihood stats:
Min     : 5.908762e-10
Max     : 5.925753e-01
1% quantile  : 3.364452e-05
25% quantile : 3.126569e-01
50% quantile : 3.583626e-01
75% quantile : 3.956482e-01
99% quantile : 4.819180e-01
=============================================
Objfn Value: 141117.8004159875
Number of NaNs in likelihood: 0
Number of zero values in likelihood: 0
Individual likelihood stats:
Min     : 5.907918e-10
Max     : 5.926429e-01
1% quantile  : 3.363229e-05
25% quantile : 3.127045e-01
50% quantile : 3.584100e-01
75% quantile : 3.957039e-01
99% quantile : 4.819554e-01
=============================================
Objfn Value: 141109.95831491848
Number of NaNs in likelihood: 0
Number of zero values in likelihood: 0
Individual likelihood stats:
Min     : 5.905776e-10
Max     : 5.927044e-01
1% quantile  : 3.362051e-05
25% quantile : 3.127535e-01
50% quantile : 3.584664e-01
75% quantile : 3.957590e-01
99% quantile : 4.819978e-01
=============================================
Objfn Value: 141101.99897284733
Number of NaNs in likelihood: 0
Number of zero values in likelihood: 0
Individual likelihood stats:
Min     : 5.904226e-10
Max     : 5.927706e-01
1% quantile  : 3.360541e-05
25% quantile : 3.127986e-01
50% quantile : 3.585193e-01
75% quantile : 3.958122e-01
99% quantile : 4.820491e-01
=============================================
Objfn Value: 141093.88151500886
Number of NaNs in likelihood: 0
Number of zero values in likelihood: 0
Individual likelihood stats:
Min     : 5.902998e-10
Max     : 5.928465e-01
1% quantile  : 3.359008e-05
25% quantile : 3.128473e-01
50% quantile : 3.585703e-01
75% quantile : 3.958722e-01
99% quantile : 4.821044e-01
=============================================
Objfn Value: 141085.5645864916
Number of NaNs in likelihood: 0
Number of zero values in likelihood: 0
Individual likelihood stats:
Min     : 5.901037e-10
Max     : 5.929075e-01
1% quantile  : 3.357435e-05
25% quantile : 3.128916e-01
50% quantile : 3.586208e-01
75% quantile : 3.959212e-01
99% quantile : 4.821557e-01
=============================================
Objfn Value: 141077.1456133
Number of NaNs in likelihood: 0
Number of zero values in likelihood: 0
Individual likelihood stats:
Min     : 5.900112e-10
Max     : 5.929785e-01
1% quantile  : 3.355841e-05
25% quantile : 3.129417e-01
50% quantile : 3.586779e-01
75% quantile : 3.959788e-01
99% quantile : 4.822102e-01
=============================================
Objfn Value: 141068.52869590605
Number of NaNs in likelihood: 0
Number of zero values in likelihood: 0
Individual likelihood stats:
Min     : 5.895427e-10
Max     : 5.933403e-01
1% quantile  : 3.356581e-05
25% quantile : 3.129765e-01
50% quantile : 3.587411e-01
75% quantile : 3.960206e-01
99% quantile : 4.822663e-01
=============================================
Objfn Value: 141059.7367988158
Number of NaNs in likelihood: 0
Number of zero values in likelihood: 0
Individual likelihood stats:
Min     : 5.896012e-10
Max     : 5.931348e-01
1% quantile  : 3.353276e-05
25% quantile : 3.130525e-01
50% quantile : 3.587800e-01
75% quantile : 3.960900e-01
99% quantile : 4.823128e-01
=============================================
Objfn Value: 141050.72062021328
Number of NaNs in likelihood: 0
Number of zero values in likelihood: 0
Individual likelihood stats:
Min     : 5.894189e-10
Max     : 5.932098e-01
1% quantile  : 3.352363e-05
25% quantile : 3.131117e-01
50% quantile : 3.588416e-01
75% quantile : 3.961450e-01
99% quantile : 4.823640e-01
=============================================
Objfn Value: 141041.57312697778
Number of NaNs in likelihood: 0
Number of zero values in likelihood: 0
Individual likelihood stats:
Min     : 5.892417e-10
Max     : 5.932862e-01
1% quantile  : 3.351545e-05
25% quantile : 3.131671e-01
50% quantile : 3.589066e-01
75% quantile : 3.962006e-01
99% quantile : 4.824160e-01
=============================================
Objfn Value: 141032.3207319957
Number of NaNs in likelihood: 0
Number of zero values in likelihood: 0
Individual likelihood stats:
Min     : 5.890642e-10
Max     : 5.933645e-01
1% quantile  : 3.350705e-05
25% quantile : 3.132234e-01
50% quantile : 3.589645e-01
75% quantile : 3.962694e-01
99% quantile : 4.824678e-01
=============================================
Objfn Value: 141022.78895419108
Number of NaNs in likelihood: 0
Number of zero values in likelihood: 0
Individual likelihood stats:
Min     : 5.888732e-10
Max     : 5.934439e-01
1% quantile  : 3.349853e-05
25% quantile : 3.132786e-01
50% quantile : 3.590259e-01
75% quantile : 3.963372e-01
99% quantile : 4.825219e-01
=============================================
Objfn Value: 141013.11317412095
Number of NaNs in likelihood: 0
Number of zero values in likelihood: 0
Individual likelihood stats:
Min     : 5.886853e-10
Max     : 5.935249e-01
1% quantile  : 3.348979e-05
25% quantile : 3.133414e-01
50% quantile : 3.590887e-01
75% quantile : 3.963963e-01
99% quantile : 4.825771e-01
=============================================
Objfn Value: 141003.24940690844
Number of NaNs in likelihood: 0
Number of zero values in likelihood: 0
Individual likelihood stats:
Min     : 5.884922e-10
Max     : 5.936078e-01
1% quantile  : 3.348091e-05
25% quantile : 3.133969e-01
50% quantile : 3.591503e-01
75% quantile : 3.964632e-01
99% quantile : 4.826327e-01
=============================================
Objfn Value: 140993.15382545226
Number of NaNs in likelihood: 0
Number of zero values in likelihood: 0
Individual likelihood stats:
Min     : 5.882956e-10
Max     : 5.936921e-01
1% quantile  : 3.347190e-05
25% quantile : 3.134572e-01
50% quantile : 3.592167e-01
75% quantile : 3.965303e-01
99% quantile : 4.826920e-01
=============================================
Objfn Value: 140982.87141752767
Number of NaNs in likelihood: 0
Number of zero values in likelihood: 0
Individual likelihood stats:
Min     : 5.880953e-10
Max     : 5.937781e-01
1% quantile  : 3.346261e-05
25% quantile : 3.135175e-01
50% quantile : 3.592793e-01
75% quantile : 3.965983e-01
99% quantile : 4.827601e-01
=============================================
Objfn Value: 140972.36839865567
Number of NaNs in likelihood: 0
Number of zero values in likelihood: 0
Individual likelihood stats:
Min     : 5.878909e-10
Max     : 5.938659e-01
1% quantile  : 3.345319e-05
25% quantile : 3.135828e-01
50% quantile : 3.593484e-01
75% quantile : 3.966611e-01
99% quantile : 4.828267e-01
=============================================
Objfn Value: 140961.6684596379
Number of NaNs in likelihood: 0
Number of zero values in likelihood: 0
Individual likelihood stats:
Min     : 5.876812e-10
Max     : 5.939553e-01
1% quantile  : 3.344360e-05
25% quantile : 3.136494e-01
50% quantile : 3.594215e-01
75% quantile : 3.967327e-01
99% quantile : 4.828897e-01
=============================================
Objfn Value: 140950.75300251663
Number of NaNs in likelihood: 0
Number of zero values in likelihood: 0
Individual likelihood stats:
Min     : 5.874687e-10
Max     : 5.940466e-01
1% quantile  : 3.343377e-05
25% quantile : 3.137227e-01
50% quantile : 3.594883e-01
75% quantile : 3.968065e-01
99% quantile : 4.829540e-01
=============================================
Objfn Value: 140939.62032930035
Number of NaNs in likelihood: 0
Number of zero values in likelihood: 0
Individual likelihood stats:
Min     : 5.872519e-10
Max     : 5.941397e-01
1% quantile  : 3.342032e-05
25% quantile : 3.137950e-01
50% quantile : 3.595588e-01
75% quantile : 3.968826e-01
99% quantile : 4.830194e-01
=============================================
Objfn Value: 140928.26965013033
Number of NaNs in likelihood: 0
Number of zero values in likelihood: 0
Individual likelihood stats:
Min     : 5.870303e-10
Max     : 5.942348e-01
1% quantile  : 3.338913e-05
25% quantile : 3.138710e-01
50% quantile : 3.596326e-01
75% quantile : 3.969598e-01
99% quantile : 4.830862e-01
=============================================
Objfn Value: 140916.67566705585
Number of NaNs in likelihood: 0
Number of zero values in likelihood: 0
Individual likelihood stats:
Min     : 5.868054e-10
Max     : 5.943315e-01
1% quantile  : 3.335735e-05
25% quantile : 3.139472e-01
50% quantile : 3.597190e-01
75% quantile : 3.970321e-01
99% quantile : 4.831578e-01
=============================================
Objfn Value: 140904.86039218286
Number of NaNs in likelihood: 0
Number of zero values in likelihood: 0
Individual likelihood stats:
Min     : 5.865748e-10
Max     : 5.944300e-01
1% quantile  : 3.332828e-05
25% quantile : 3.140235e-01
50% quantile : 3.597991e-01
75% quantile : 3.971107e-01
99% quantile : 4.832340e-01
=============================================
Objfn Value: 140892.83729022194
Number of NaNs in likelihood: 0
Number of zero values in likelihood: 0
Individual likelihood stats:
Min     : 5.863400e-10
Max     : 5.945308e-01
1% quantile  : 3.330146e-05
25% quantile : 3.140974e-01
50% quantile : 3.598765e-01
75% quantile : 3.971927e-01
99% quantile : 4.833138e-01
=============================================
Objfn Value: 140880.5456021365
Number of NaNs in likelihood: 0
Number of zero values in likelihood: 0
Individual likelihood stats:
Min     : 5.861013e-10
Max     : 5.946337e-01
1% quantile  : 3.327419e-05
25% quantile : 3.141618e-01
50% quantile : 3.599502e-01
75% quantile : 3.972729e-01
99% quantile : 4.834007e-01
=============================================
Objfn Value: 140868.01186266745
Number of NaNs in likelihood: 0
Number of zero values in likelihood: 0
Individual likelihood stats:
Min     : 5.858580e-10
Max     : 5.947382e-01
1% quantile  : 3.324639e-05
25% quantile : 3.142377e-01
50% quantile : 3.600328e-01
75% quantile : 3.973571e-01
99% quantile : 4.834702e-01
=============================================
Objfn Value: 140855.24304635858
Number of NaNs in likelihood: 0
Number of zero values in likelihood: 0
Individual likelihood stats:
Min     : 5.856088e-10
Max     : 5.948450e-01
1% quantile  : 3.322337e-05
25% quantile : 3.143208e-01
50% quantile : 3.601225e-01
75% quantile : 3.974419e-01
99% quantile : 4.835548e-01
=============================================
Objfn Value: 140842.21428841422
Number of NaNs in likelihood: 0
Number of zero values in likelihood: 0
Individual likelihood stats:
Min     : 5.853546e-10
Max     : 5.949542e-01
1% quantile  : 3.321786e-05
25% quantile : 3.144080e-01
50% quantile : 3.602124e-01
75% quantile : 3.975257e-01
99% quantile : 4.836306e-01
=============================================
Objfn Value: 140828.94224675087
Number of NaNs in likelihood: 0
Number of zero values in likelihood: 0
Individual likelihood stats:
Min     : 5.851420e-10
Max     : 5.950586e-01
1% quantile  : 3.321958e-05
25% quantile : 3.144938e-01
50% quantile : 3.602936e-01
75% quantile : 3.976139e-01
99% quantile : 4.837222e-01
=============================================
Objfn Value: 140815.4241536372
Number of NaNs in likelihood: 0
Number of zero values in likelihood: 0
Individual likelihood stats:
Min     : 5.848340e-10
Max     : 5.951782e-01
1% quantile  : 3.320024e-05
25% quantile : 3.145875e-01
50% quantile : 3.603815e-01
75% quantile : 3.977003e-01
99% quantile : 4.838199e-01
=============================================
Objfn Value: 140801.60734057985
Number of NaNs in likelihood: 0
Number of zero values in likelihood: 0
Individual likelihood stats:
Min     : 5.845660e-10
Max     : 5.953070e-01
1% quantile  : 3.317138e-05
25% quantile : 3.146702e-01
50% quantile : 3.604726e-01
75% quantile : 3.977936e-01
99% quantile : 4.839035e-01
=============================================
Objfn Value: 140787.53009012502
Number of NaNs in likelihood: 0
Number of zero values in likelihood: 0
Individual likelihood stats:
Min     : 5.842995e-10
Max     : 5.954108e-01
1% quantile  : 3.319522e-05
25% quantile : 3.147542e-01
50% quantile : 3.605583e-01
75% quantile : 3.978781e-01
99% quantile : 4.839909e-01
=============================================
Objfn Value: 140773.17188573242
Number of NaNs in likelihood: 0
Number of zero values in likelihood: 0
Individual likelihood stats:
Min     : 5.856451e-10
Max     : 5.954986e-01
1% quantile  : 3.319824e-05
25% quantile : 3.148445e-01
50% quantile : 3.606583e-01
75% quantile : 3.979736e-01
99% quantile : 4.840820e-01
=============================================
Objfn Value: 140758.54225812547
Number of NaNs in likelihood: 0
Number of zero values in likelihood: 0
Individual likelihood stats:
Min     : 5.837905e-10
Max     : 5.956532e-01
1% quantile  : 3.318473e-05
25% quantile : 3.149498e-01
50% quantile : 3.607448e-01
75% quantile : 3.980668e-01
99% quantile : 4.841616e-01
=============================================
Objfn Value: 140743.66240715963
Number of NaNs in likelihood: 0
Number of zero values in likelihood: 0
Individual likelihood stats:
Min     : 5.835008e-10
Max     : 5.957828e-01
1% quantile  : 3.317918e-05
25% quantile : 3.150501e-01
50% quantile : 3.608460e-01
75% quantile : 3.981665e-01
99% quantile : 4.842535e-01
=============================================
Objfn Value: 140728.4353254276
Number of NaNs in likelihood: 0
Number of zero values in likelihood: 0
Individual likelihood stats:
Min     : 5.832061e-10
Max     : 5.959403e-01
1% quantile  : 3.317356e-05
25% quantile : 3.151479e-01
50% quantile : 3.609420e-01
75% quantile : 3.982624e-01
99% quantile : 4.843665e-01
=============================================
Objfn Value: 140712.95359069688
Number of NaNs in likelihood: 0
Number of zero values in likelihood: 0
Individual likelihood stats:
Min     : 5.829042e-10
Max     : 5.960372e-01
1% quantile  : 3.316777e-05
25% quantile : 3.152381e-01
50% quantile : 3.610396e-01
75% quantile : 3.983575e-01
99% quantile : 4.844757e-01
=============================================
Objfn Value: 140697.13614799143
Number of NaNs in likelihood: 0
Number of zero values in likelihood: 0
Individual likelihood stats:
Min     : 5.826054e-10
Max     : 5.961685e-01
1% quantile  : 3.315895e-05
25% quantile : 3.153311e-01
50% quantile : 3.611387e-01
75% quantile : 3.984648e-01
99% quantile : 4.845927e-01
=============================================
Objfn Value: 140681.13472650893
Number of NaNs in likelihood: 0
Number of zero values in likelihood: 0
Individual likelihood stats:
Min     : 5.822850e-10
Max     : 5.963045e-01
1% quantile  : 3.315578e-05
25% quantile : 3.154266e-01
50% quantile : 3.612394e-01
75% quantile : 3.985822e-01
99% quantile : 4.847129e-01
=============================================
Objfn Value: 140664.69239480305
Number of NaNs in likelihood: 0
Number of zero values in likelihood: 0
Individual likelihood stats:
Min     : 5.819946e-10
Max     : 5.964426e-01
1% quantile  : 3.314960e-05
25% quantile : 3.155278e-01
50% quantile : 3.613452e-01
75% quantile : 3.986952e-01
99% quantile : 4.848310e-01
=============================================
Objfn Value: 140647.9554125251
Number of NaNs in likelihood: 0
Number of zero values in likelihood: 0
Individual likelihood stats:
Min     : 5.816425e-10
Max     : 5.965833e-01
1% quantile  : 3.314333e-05
25% quantile : 3.156370e-01
50% quantile : 3.614522e-01
75% quantile : 3.987986e-01
99% quantile : 4.849501e-01
=============================================
Objfn Value: 140630.85709386918
Number of NaNs in likelihood: 0
Number of zero values in likelihood: 0
Individual likelihood stats:
Min     : 5.813115e-10
Max     : 5.967261e-01
1% quantile  : 3.313697e-05
25% quantile : 3.157539e-01
50% quantile : 3.615660e-01
75% quantile : 3.989095e-01
99% quantile : 4.850715e-01
=============================================
Objfn Value: 140613.47055569792
Number of NaNs in likelihood: 0
Number of zero values in likelihood: 0
Individual likelihood stats:
Min     : 5.809711e-10
Max     : 5.968724e-01
1% quantile  : 3.312418e-05
25% quantile : 3.158613e-01
50% quantile : 3.616835e-01
75% quantile : 3.990253e-01
99% quantile : 4.851950e-01
=============================================
Objfn Value: 140595.69906899997
Number of NaNs in likelihood: 0
Number of zero values in likelihood: 0
Individual likelihood stats:
Min     : 5.806520e-10
Max     : 5.970307e-01
1% quantile  : 3.309424e-05
25% quantile : 3.159695e-01
50% quantile : 3.617995e-01
75% quantile : 3.991389e-01
99% quantile : 4.853097e-01
=============================================
Objfn Value: 140577.63293549433
Number of NaNs in likelihood: 0
Number of zero values in likelihood: 0
Individual likelihood stats:
Min     : 5.805310e-10
Max     : 5.971684e-01
1% quantile  : 3.306025e-05
25% quantile : 3.160732e-01
50% quantile : 3.619161e-01
75% quantile : 3.992625e-01
99% quantile : 4.854261e-01
=============================================
Objfn Value: 140559.37569583755
Number of NaNs in likelihood: 0
Number of zero values in likelihood: 0
Individual likelihood stats:
Min     : 5.802273e-10
Max     : 5.973222e-01
1% quantile  : 3.304854e-05
25% quantile : 3.161994e-01
50% quantile : 3.620358e-01
75% quantile : 3.993774e-01
99% quantile : 4.855441e-01
=============================================
Objfn Value: 140540.54286759545
Number of NaNs in likelihood: 0
Number of zero values in likelihood: 0
Individual likelihood stats:
Min     : 5.781131e-10
Max     : 5.974862e-01
1% quantile  : 3.303838e-05
25% quantile : 3.163191e-01
50% quantile : 3.621579e-01
75% quantile : 3.995082e-01
99% quantile : 4.856682e-01
=============================================
Objfn Value: 140521.50914154862
Number of NaNs in likelihood: 0
Number of zero values in likelihood: 0
Individual likelihood stats:
Min     : 5.791502e-10
Max     : 5.976461e-01
1% quantile  : 3.302326e-05
25% quantile : 3.164334e-01
50% quantile : 3.622757e-01
75% quantile : 3.996302e-01
99% quantile : 4.857914e-01
=============================================
Objfn Value: 140501.97719143704
Number of NaNs in likelihood: 0
Number of zero values in likelihood: 0
Individual likelihood stats:
Min     : 5.787616e-10
Max     : 5.978114e-01
1% quantile  : 3.300793e-05
25% quantile : 3.165522e-01
50% quantile : 3.624012e-01
75% quantile : 3.997598e-01
99% quantile : 4.859275e-01
=============================================
Objfn Value: 140482.16274065166
Number of NaNs in likelihood: 0
Number of zero values in likelihood: 0
Individual likelihood stats:
Min     : 5.784055e-10
Max     : 5.979842e-01
1% quantile  : 3.297645e-05
25% quantile : 3.166789e-01
50% quantile : 3.625389e-01
75% quantile : 3.998893e-01
99% quantile : 4.860592e-01
=============================================
Objfn Value: 140461.87348754398
Number of NaNs in likelihood: 0
Number of zero values in likelihood: 0
Individual likelihood stats:
Min     : 5.779787e-10
Max     : 5.981500e-01
1% quantile  : 3.293022e-05
25% quantile : 3.168125e-01
50% quantile : 3.626805e-01
75% quantile : 4.000311e-01
99% quantile : 4.862133e-01
=============================================
Objfn Value: 140441.46583024226
Number of NaNs in likelihood: 0
Number of zero values in likelihood: 0
Individual likelihood stats:
Min     : 5.775750e-10
Max     : 5.983244e-01
1% quantile  : 3.290436e-05
25% quantile : 3.169520e-01
50% quantile : 3.628150e-01
75% quantile : 4.001618e-01
99% quantile : 4.863494e-01
=============================================
Objfn Value: 140420.34502512126
Number of NaNs in likelihood: 0
Number of zero values in likelihood: 0
Individual likelihood stats:
Min     : 5.780906e-10
Max     : 5.985496e-01
1% quantile  : 3.287047e-05
25% quantile : 3.170837e-01
50% quantile : 3.629502e-01
75% quantile : 4.002991e-01
99% quantile : 4.864974e-01
=============================================
Objfn Value: 140398.97589829622
Number of NaNs in likelihood: 0
Number of zero values in likelihood: 0
Individual likelihood stats:
Min     : 5.767806e-10
Max     : 5.986854e-01
1% quantile  : 3.286337e-05
25% quantile : 3.172280e-01
50% quantile : 3.630960e-01
75% quantile : 4.004407e-01
99% quantile : 4.866773e-01
=============================================
Objfn Value: 140377.2174010742
Number of NaNs in likelihood: 0
Number of zero values in likelihood: 0
Individual likelihood stats:
Min     : 5.764547e-10
Max     : 5.988627e-01
1% quantile  : 3.284179e-05
25% quantile : 3.173697e-01
50% quantile : 3.632451e-01
75% quantile : 4.005743e-01
99% quantile : 4.868206e-01
=============================================
Objfn Value: 140354.94536630285
Number of NaNs in likelihood: 0
Number of zero values in likelihood: 0
Individual likelihood stats:
Min     : 5.759575e-10
Max     : 5.990436e-01
1% quantile  : 3.282227e-05
25% quantile : 3.175150e-01
50% quantile : 3.633894e-01
75% quantile : 4.007323e-01
99% quantile : 4.869735e-01
=============================================
Objfn Value: 140332.24145624338
Number of NaNs in likelihood: 0
Number of zero values in likelihood: 0
Individual likelihood stats:
Min     : 5.754796e-10
Max     : 5.992576e-01
1% quantile  : 3.277056e-05
25% quantile : 3.176645e-01
50% quantile : 3.635417e-01
75% quantile : 4.008897e-01
99% quantile : 4.871433e-01
=============================================
Objfn Value: 140309.83130031783
Number of NaNs in likelihood: 0
Number of zero values in likelihood: 0
Individual likelihood stats:
Min     : 5.761719e-10
Max     : 5.994709e-01
1% quantile  : 3.274611e-05
25% quantile : 3.178010e-01
50% quantile : 3.636892e-01
75% quantile : 4.010567e-01
99% quantile : 4.873056e-01
=============================================
Objfn Value: 140286.6675667889
Number of NaNs in likelihood: 0
Number of zero values in likelihood: 0
Individual likelihood stats:
Min     : 5.746546e-10
Max     : 5.996854e-01
1% quantile  : 3.270903e-05
25% quantile : 3.179499e-01
50% quantile : 3.638491e-01
75% quantile : 4.012238e-01
99% quantile : 4.875034e-01
=============================================
Objfn Value: 140262.89237988016
Number of NaNs in likelihood: 0
Number of zero values in likelihood: 0
Individual likelihood stats:
Min     : 5.744186e-10
Max     : 5.998456e-01
1% quantile  : 3.262328e-05
25% quantile : 3.181237e-01
50% quantile : 3.640143e-01
75% quantile : 4.013873e-01
99% quantile : 4.876642e-01
=============================================
Objfn Value: 140238.5647295991
Number of NaNs in likelihood: 0
Number of zero values in likelihood: 0
Individual likelihood stats:
Min     : 5.733502e-10
Max     : 5.998826e-01
1% quantile  : 3.260463e-05
25% quantile : 3.182432e-01
50% quantile : 3.641528e-01
75% quantile : 4.015487e-01
99% quantile : 4.878376e-01
=============================================
Objfn Value: 140213.8055782676
Number of NaNs in likelihood: 0
Number of zero values in likelihood: 0
Individual likelihood stats:
Min     : 5.767707e-10
Max     : 6.002286e-01
1% quantile  : 3.249523e-05
25% quantile : 3.184615e-01
50% quantile : 3.643216e-01
75% quantile : 4.017172e-01
99% quantile : 4.879999e-01
=============================================
Objfn Value: 140189.33568401408
Number of NaNs in likelihood: 0
Number of zero values in likelihood: 0
Individual likelihood stats:
Min     : 5.743736e-10
Max     : 6.006719e-01
1% quantile  : 3.262458e-05
25% quantile : 3.185384e-01
50% quantile : 3.644821e-01
75% quantile : 4.018848e-01
99% quantile : 4.882249e-01
=============================================
Objfn Value: 140163.4670346821
Number of NaNs in likelihood: 0
Number of zero values in likelihood: 0
Individual likelihood stats:
Min     : 5.736601e-10
Max     : 6.006347e-01
1% quantile  : 3.248766e-05
25% quantile : 3.187880e-01
50% quantile : 3.646608e-01
75% quantile : 4.020472e-01
99% quantile : 4.883886e-01
=============================================
Objfn Value: 140137.41379856103
Number of NaNs in likelihood: 0
Number of zero values in likelihood: 0
Individual likelihood stats:
Min     : 5.717640e-10
Max     : 6.011105e-01
1% quantile  : 3.249674e-05
25% quantile : 3.188977e-01
50% quantile : 3.648455e-01
75% quantile : 4.022474e-01
99% quantile : 4.885897e-01
=============================================
Objfn Value: 140111.22751740826
Number of NaNs in likelihood: 0
Number of zero values in likelihood: 0
Individual likelihood stats:
Min     : 5.713849e-10
Max     : 6.011633e-01
1% quantile  : 3.245750e-05
25% quantile : 3.191463e-01
50% quantile : 3.650373e-01
75% quantile : 4.024229e-01
99% quantile : 4.887585e-01
=============================================
Objfn Value: 140084.12943393952
Number of NaNs in likelihood: 0
Number of zero values in likelihood: 0
Individual likelihood stats:
Min     : 5.709617e-10
Max     : 6.018365e-01
/project/lausd/decentralized_choice/code/2_structural_estimation/estimate_mixture.py:115: RuntimeWarning: Maximum number of iterations has been exceeded.
  mle_fit_nm = minimize(
slurmstepd: error: Detected 1 oom-kill event(s) in StepId=15095983.0 cgroup. Some of your processes may have been killed by the cgroup out-of-memory handler.
srun: error: mcn34: task 0: Out Of Memory
Job completed at Mon Sep  8 14:33:11 CDT 2025
slurmstepd: error: Detected 1 oom-kill event(s) in StepId=15095983.batch cgroup. Some of your processes may have been killed by the cgroup out-of-memory handler.
