==========================================
SLURM_JOB_ID = 15110740
SLURM_SUBMIT_DIR = /project/lausd/decentralized_choice/code/2_structural_estimation
SLURM_JOB_NODELIST = mcn34
==========================================
Job ID: 15110740
Job User: ryanlee22
Num Cores: 32
Starting estimation at Fri Sep 12 15:57:53 CDT 2025
Optimization specifications =========================================
Number of threads use for torch operation 32
Number of simulation draws: 300
Number of types assumed: 3
Eta outside of exp(): True
X includes currently in magnet indicator: True
Method for drawing normal: sobol
Seed value for normal draws: 12345
Number of blocks for objfn and grad: 1
Last year of applications: 2013
======================================================================
Loading raw data...
84257
53
(84257, 53)
Drawing from normal...
Min u: 1.1920928955078125e-07
Max u: 0.9999998807907104
Min u: 1.1920928955078125e-07
Max u: 0.9999998807907104
Printing the theta draws for round 1-5 for student 1-5
tensor([[ 0.2283, -0.0807, -1.8039,  1.3607,  1.0810],
        [ 1.8388, -1.3337, -0.2216,  0.0915,  0.0081],
        [ 0.4589, -0.5152, -0.8406,  0.9408,  1.2818],
        [ 1.1497, -0.6845, -0.6506,  0.3307,  0.5114],
        [ 0.0365, -0.2840, -1.1945,  2.3192,  0.7842]])
Printing some of the sims_c
tensor([-0.6918,  0.2699,  0.2526, -0.3049,  0.2384, -1.0786,  0.8553, -0.7140,
         0.9672, -0.1479, -0.3092,  0.6269,  0.5244,  0.2538, -0.4179, -0.3082,
         0.0672, -0.0194,  0.5510,  2.1409, -0.6443, -1.0098,  0.1055, -0.5918,
         0.7717,  1.4901, -0.2917, -0.5079, -0.6234,  0.8708, -1.2490, -0.9800,
        -0.5789, -0.8838, -3.5513, -0.5024, -0.9778,  0.5311,  2.7746, -0.4511,
         3.4911, -1.7472, -0.9146,  1.1632, -1.9182,  1.9947,  0.2430, -0.7491,
         0.5771,  0.5596,  0.6479,  1.1130, -1.2514])
Picking starting values for optimization...
Converting numpy arrays to tensors...
starting values:
[-8.234400e-02 -8.120080e-01 -1.657717e+00 -2.702595e+00  1.672002e+00
  1.428475e+00 -1.928099e+00 -5.315540e-01 -1.535448e+00 -1.792133e+00
 -2.338426e+00 -1.606545e+00  2.234830e-01 -9.019740e-01 -6.333520e-01
 -5.985360e-01  1.634750e+00 -2.540916e+00 -9.636940e-01 -1.282817e+00
  2.308790e-01  8.611400e-01 -1.913761e+00 -1.024508e+00 -1.102711e+00
  6.824610e-01 -1.704199e+00 -1.273383e+00 -1.352369e+00 -4.099100e-02
 -1.561058e+00  9.540700e-02 -2.344869e+00 -7.510740e-01 -2.311019e+00
 -9.773920e-01 -1.581657e+00  2.189675e+00 -1.302953e+00 -1.507649e+00
 -4.023840e-01  4.403800e-02  2.522300e+00 -1.180310e+00 -1.631329e+00
 -9.450150e-01 -9.844680e-01 -5.442500e-01 -5.547780e-01 -1.059589e+00
 -3.626050e-01  3.226497e+00  4.136221e+00  6.077000e-03 -1.144900e-01
 -1.095170e-01 -1.107454e+00  6.018500e-02 -2.192010e-01 -1.486060e-01
  1.669270e-01  2.016570e-01 -5.874800e-02  1.270226e+00  1.308480e-01
 -3.260710e-01 -1.849000e-03  1.894200e-02 -1.078700e-02 -1.271290e-01
 -1.619300e-02  1.647800e-02  2.292900e-02  1.210000e-04 -6.810000e-03
 -1.514000e-03  7.544800e-02  2.666600e-02  3.646000e-03  2.253120e-01
  2.595000e-03 -3.631200e-02  6.433300e-02 -8.302900e-02  1.223200e-02
  1.100300e-02 -1.152200e-02 -3.367400e-02 -1.863100e-02  5.244000e-03
 -9.665300e-02 -2.514900e-02 -9.957830e-01 -1.562508e+00 -2.038194e+00
 -1.038199e+00  1.904746e+00  2.156522e+00 -9.221000e-01  3.905670e-01]
Traceback (most recent call last):
  File "/project/lausd/decentralized_choice/code/2_structural_estimation/estimate_mixture.py", line 128, in <module>
    omega_0 = mle_fit_nm["x"]
NameError: name 'mle_fit_nm' is not defined
srun: error: mcn34: task 0: Exited with exit code 1
Job completed at Fri Sep 12 15:58:07 CDT 2025
