==========================================
SLURM_JOB_ID = 15124954
SLURM_SUBMIT_DIR = /project/lausd/decentralized_choice/code/2_structural_estimation
SLURM_JOB_NODELIST = mcn62
==========================================
/apps/python/3.10/3.10.9/bin/python3
Job ID: 15124954
Job User: ryanlee22
Num Cores: 8
Warning message:
package ‘parallel’ is a base package, and should not be updated 
Starting estimation at Fri Sep 19 15:25:46 CDT 2025
         used (Mb) gc trigger (Mb) max used (Mb)
Ncells 284285 15.2     664322 35.5   453531 24.3
Vcells 489656  3.8    8388608 64.0  1815222 13.9
[2025-09-19 15:25:47] Starting estimation process... 
Loading required package: foreach
Loading required package: iterators
Warning messages:
1: In rgl.init(initValue, onlyNULL) : RGL: unable to open X11 display
2: 'rgl.init' failed, will use the null device.
See '?rgl.useNULL' for ways to avoid this warning. 
Using Python from: /apps/python/3.10/3.10.9/bin/python3 
[2025-09-19 15:25:55] Using 7 cores for parallel processing 
[2025-09-19 15:25:55] Basic setup, lambda: 0.05 
[2025-09-19 15:25:55] Basic setup, R: 300 
[2025-09-19 15:25:55] Reading raw data... 
[2025-09-19 15:26:23] Data loaded. Number of observations: 337661 
[2025-09-19 15:26:50] Generating simulation draws... 
[1] 2
[1] "eta_out"
[1] "Objfn Value:"
[1] 62872.36
[1] "Exponentiating following vars:"
[1] "log(sd eta)"     "log(sd theta 1)" "log(sd theta 2)"
[1] "Alpha parsed:"
[1] 2.265193
[1] "Probability parsed:"
[1] 0.905953
[1] 99
[1] 99 97
[1] "Estimating posteriors..."
[1] "J-specific mean utilities"
 [1]  0.198644295 -0.466471174 -1.354574650 -2.075184062  1.924839174
 [6]  1.636269793 -1.616499342 -0.192337543 -1.171102916 -1.419387871
[11] -1.934596987 -1.192766857  0.562760561 -0.554003176 -0.240530542
[16] -0.280294323  1.971785716 -2.122505901 -0.615061510 -0.921125379
[21]  0.572921368  1.130507919 -1.513533302 -0.641545442 -0.721442493
[26]  0.976058545 -1.057431770 -0.898178046 -1.019841015  0.247605809
[31] -1.187068596  0.437340765 -1.938087105 -0.422093207 -1.903915704
[36] -0.701024531 -1.216760804  2.462249990 -0.980721569 -1.180896923
[41]  0.019108156  0.338063568  2.783301272 -0.874541685 -1.279521648
[46] -0.426899832 -0.537210976 -0.110699251 -0.331188838 -0.482267248
[51]  0.004273647  3.559790672  4.505269254
[1] "beta x"
              [,1]
 [1,]  0.020169023
 [2,] -0.071637353
 [3,]  0.006178926
 [4,] -1.105996844
 [5,]  0.055649259
 [6,] -0.307501266
 [7,] -0.151353028
 [8,]  0.129889259
 [9,]  0.158117734
[10,] -0.049980644
[11,]  1.054668038
[12,]  0.124588277
[1] "distance parameters"
               [,1]
 [1,] -0.3210953915
 [2,] -0.0012609631
 [3,]  0.0206133240
 [4,] -0.0084706980
 [5,] -0.1041359427
 [6,] -0.0143182998
 [7,]  0.0225041323
 [8,]  0.0220686361
 [9,] -0.0007593589
[10,] -0.0068515811
[11,] -0.0011478329
[12,]  0.0819572194
[13,]  0.0246376121
[14,]  0.0034904390
[1] "cost parameters"
 [1]  0.298338063  0.003400858 -0.031975704  0.068323237 -0.079582340
 [6]  0.013169472  0.006330039 -0.010329307 -0.033233718 -0.019020105
[11]  0.005520854 -0.092775247 -0.023256409
[1] "sd(eta)"
[1] 0.4002484
[1] "sd(theta)"
[1] 0.05940132 0.54565045
[1] "pr(type)"
[1] 0.90595302 0.09404698
[1] "mu(theta type)"
[1] -0.2200521  2.1197587
          1%           5%          10%          15%          20%          40% 
1.882426e-05 2.638222e-03 3.691925e-02 3.844178e-01 7.818633e-01 9.325732e-01 
         50%          60%          80%          90%          95%          99% 
9.532539e-01 9.661082e-01 9.822647e-01 9.884981e-01 9.918765e-01 9.960340e-01 
[1] "Calculating posterior means and variances..."
          1%           5%          10%          15%          20%          40% 
5.900751e-06 4.566956e-03 2.249319e-02 5.086568e-02 8.531486e-02 2.585492e-01 
         50%          60%          80%          90%          95%          99% 
3.546618e-01 4.553558e-01 6.660340e-01 7.846431e-01 8.522980e-01 9.263226e-01 
[1] "Calculating posterior means and variances..."
Job completed at Fri Sep 19 15:37:54 CDT 2025
