==========================================
SLURM_JOB_ID = 15117590
SLURM_SUBMIT_DIR = /project/lausd/decentralized_choice/code/2_structural_estimation
SLURM_JOB_NODELIST = mcn10
==========================================
/apps/python/3.10/3.10.9/bin/python3
Job ID: 15117590
Job User: ryanlee22
Num Cores: 8
Warning message:
package ‘parallel’ is a base package, and should not be updated 
Starting estimation at Mon Sep 15 18:10:39 CDT 2025
         used (Mb) gc trigger (Mb) max used (Mb)
Ncells 284285 15.2     664322 35.5   453531 24.3
Vcells 489656  3.8    8388608 64.0  1815222 13.9
[2025-09-15 18:10:40] Starting estimation process... 
Loading required package: foreach
Loading required package: iterators
Warning messages:
1: In rgl.init(initValue, onlyNULL) : RGL: unable to open X11 display
2: 'rgl.init' failed, will use the null device.
See '?rgl.useNULL' for ways to avoid this warning. 
Using Python from: /apps/python/3.10/3.10.9/bin/python3 
[2025-09-15 18:10:47] Using 7 cores for parallel processing 
[2025-09-15 18:10:47] Basic setup, lambda: 0.05 
[2025-09-15 18:10:47] Basic setup, R: 300 
[2025-09-15 18:10:47] Reading raw data... 
[2025-09-15 18:10:59] Data loaded. Number of observations: 337661 
[2025-09-15 18:11:08] Generating simulation draws... 
[1] 3
[1] "eta_out"
[1] "Objfn Value:"
[1] 62625.21
[1] "Exponentiating following vars:"
[1] "log(sd eta)"     "log(sd theta 1)" "log(sd theta 2)" "log(sd theta 3)"
[1] 103
[1] 103 100
[1] "Estimating posteriors..."
[1] "J-specific mean utilities"
 [1] -0.133076290 -0.870128560 -1.758528238 -2.814689088  1.617928644
 [6]  1.206638731 -1.972832995 -0.566906146 -1.578008585 -1.826733511
[11] -2.403830371 -1.607160363  0.184663072 -0.947864178 -0.690579538
[16] -0.643140359  1.586695307 -2.608806258 -1.000209800 -1.317708310
[21]  0.183898254  0.812945495 -1.973547541 -1.070525690 -1.147347244
[26]  0.638565191 -1.806656458 -1.322754196 -1.372838402 -0.084167500
[31] -1.594780368  0.046369996 -2.411774471 -0.837480834 -2.357514807
[36] -1.021810491 -1.630217521  2.120134144 -1.340708162 -1.547254575
[41] -0.455932949  0.002064967  2.472508432 -1.224461012 -1.679134864
[46] -0.902410969 -1.043730039 -0.585952844 -0.650419250 -1.108233059
[51] -0.413367875  3.163251140  4.046146799
[1] "beta x"
              [,1]
 [1,]  0.001697517
 [2,] -0.106413709
 [3,] -0.106203670
 [4,] -1.097744574
 [5,]  0.070225877
 [6,] -0.275548291
 [7,] -0.136566365
 [8,]  0.174597973
 [9,]  0.202008511
[10,] -0.058852295
[11,]  1.274702434
[12,]  0.123373146
[1] "distance parameters"
               [,1]
 [1,] -0.3248624810
 [2,] -0.0021034268
 [3,]  0.0162698521
 [4,] -0.0123204141
 [5,] -0.1305589918
 [6,] -0.0150144406
 [7,]  0.0164877190
 [8,]  0.0235571077
 [9,] -0.0001703718
[10,] -0.0064474061
[11,] -0.0014187536
[12,]  0.0758511593
[13,]  0.0259010798
[14,]  0.0036403002
[1] "cost parameters"
 [1]  0.208573738  0.002236043 -0.034836939  0.064826547 -0.082928099
 [6]  0.013934022  0.009634854 -0.009987262 -0.032843959 -0.018366321
[11]  0.005178704 -0.097306349 -0.026026251
[1] "sd(eta)"
[1] 0.3629664
[1] "sd(theta)"
[1] 0.1889698 0.1253775 0.5407390
[1] "pr(type)"
[1] 0.44635179 0.48772384 0.06592437
[1] "mu(theta type)"
[1] -0.8759767  0.4300928  2.7490179
[1] "Yo"
Error in pi_i[, j] : subscript out of bounds
Calls: post_estimation_calculations -> likelihood_K_mixture -> print -> l_and_grad_r
In addition: There were 50 or more warnings (use warnings() to see the first 50)
Execution halted
srun: error: mcn10: task 0: Exited with exit code 1
Job completed at Mon Sep 15 18:13:21 CDT 2025
